Stopping existing containers...
time="2025-05-21T13:45:49+05:30" level=warning msg="C:\\Users\\kabee\\Documents\\projects\\dodo-payments\\docker-compose.yml: the attribute `version` is obsolete, it will be ignored, please remove it to avoid potential confusion"
Cleaning Docker builder cache...
ID						RECLAIMABLE	SIZE		LAST ACCESSED
s80n1kg9hfq376t6havwgq1ga               	true 		262B      	3 hours ago
z9452gu79ofjuqwne62yjk4ku               	true 	974.2MB   	7 hours ago
mg3l34oqft117va8x8nnwuh4f*              	true 	0B        	11 seconds ago
de05zldgkltyb9ae07rkvxsiw               	true 	262B      	5 hours ago
q55qj8dhyqxxaurp9wwgj9zu7               	true 	262B      	3 hours ago
jta2p2qbhzym7yxzxm7qe4qsr               	true 	262B      	3 hours ago
st1vgpawqxykhp4s375gm3lu5               	true 	90.79kB   	8 hours ago
vd1gd2i753r4vr6i81315aexv*              	true 	3.092MB   	12 seconds ago
hph1nx8wg0oftkm8eo1n4xruy               	true 	262B      	5 hours ago
y2y31tn3dx10qbt6hy6ci2euy*              	true 	999B      	39 minutes ago
p0svpsxgsq196vhpy67ekhw78*              	true 	7.509MB   	4 hours ago
q1ok5dt1ng7r6s5vou8jvabka               	true 	2.348kB   	3 hours ago
to7e94082c2c1mp8ti7q9qv12               	true 	2.348kB   	5 hours ago
q0mma2m82czbzd9vk657vvfni               	true 	2.348kB   	3 hours ago
sc3lptj67js26k5o3b5pqdrj7               	true 	0B        	6 hours ago
ku5ck4vzy9q6ha1zx4urcwqm7               	true 	2.354kB   	5 hours ago
za4wcpy8lhzsif1n8d5qgamwa               	true 	65kB      	6 hours ago
vmlyui5fdth7me4ffreimvr4n               	true 	262B      	3 hours ago
zrsk0ls0gpp496xlibr2mqvxw*              	true 	974.2MB   	4 hours ago
yixxbr4ueq60596dq5r4t3rld               	true 	262B      	2 hours ago
eqk4q77phwljcqxlq3hv9vcyw               	true 	262B      	2 hours ago
k63wqfto7lr1m69ixly3u1nvi               	true 	664.2kB   	6 hours ago
wiijt44aafibfjlzop1tk7p9q*              	true 	121.4kB   	12 seconds ago
jpwfu8p9954ya8dwlksvyhu8q               	true 	7.983kB   	4 hours ago
vn69l23zy8b7k5lw7snbpcjjj               	true 	262B      	About an hour ago
j6us0cijh0pnynsev9bfn849q               	true 	35.59kB   	6 hours ago
8duivw25dqdy8cnfne976cu72               	true 	36.95kB   	7 hours ago
gkfnkmutnzjk7vnelh1caqobh               	true 	262B      	About an hour ago
ydlqtlwrs37aszhopbowamyeg               	true 	262B      	38 minutes ago
ti1oicbenv2g1st9yx1o03oiw               	true 	20.51MB   	6 hours ago
3bau66t674bakgw4f0jh89lwc*              	true 	0B        	4 hours ago
d3qmvz4l0w2lmbtsci45kp6gb*              	true 	758B      	12 seconds ago
52bc7z3y0h45i4gk2zm13wejw               	true 	915B      	6 hours ago
w74j9qhfrzru9p8ehoq6kxdqy               	true 	663kB     	6 hours ago
v8072yi92xf7syqgiww51y0oz               	true 	262B      	12 seconds ago
zqtzwuca4q506qnmo5z15lpwq*              	true 	4.825MB   	4 hours ago
xh8uhmsho1q3cwo9d6teknfsq               	true 	2.299kB   	4 hours ago
o6gau6zrjp7razfzv3oqz4ng0*              	true 	9.214MB   	6 hours ago
kugma1g692azm22qbyc6s72wn               	true 	974.2MB   	7 hours ago
osa3tvd3qey7q85ao3xsg1jd2               	true 	64.08kB   	6 hours ago
uokw0n24f3kr4n9rc8gwi7bqq               	true 	36.27kB   	4 hours ago
rka0qk3f35suo9sq97hklp8c7               	true 	915B      	6 hours ago
mncorrfp35y23ohmlydjnwjbq               	true 	2.354kB   	6 hours ago
exjt0bja6y0p4o270z5qxhaej               	true 	2.348kB   	2 hours ago
4ezv0d7v94ybuk984vhppnyrx               	true 	0B        	6 hours ago
apywqinzpojjzh6pnq84omrwm               	true 	32.12kB   	5 hours ago
pwm2d25el5a5qw3oc7xe60a8z               	true 	4.292kB   	38 minutes ago
vobrmsvuy4gc19hj20bkvsp0g               	true 	2.348kB   	3 hours ago
pgpzqzwmz7ox2qf49k0lkovz2               	true 	4.292kB   	14 seconds ago
88wlhrxc96rs9t69fee08outr               	true 	2.639kB   	7 hours ago
fjuxtkf4iqgi09p6r3irb6rzg               	true 	974.3MB   	7 hours ago
vbt2gimcrf30c0qpzjobhfeqa               	true 	2.348kB   	5 hours ago
til6vwjmhn3smulab189grfff               	true 	121.4kB   	5 hours ago
911h68wgntrff7bu7duuhdspo               	true 	33.45kB   	3 hours ago
3d2mfe2wv3t8bpztk5wy5wf2k               	true 	42.67kB   	2 hours ago
oknj4aczgsiv8d2qrnk72s39p               	true 	0B        	4 hours ago
c4e67v2arym5a3nkrsx8hdlr1               	true 	0B        	6 hours ago
gl8hg48zurus5nxoi5j5yi0ws               	true 	2.639kB   	6 hours ago
lr6sbwiskm7qa47hhjmpv3qvy               	true 	262B      	2 hours ago
k11bwt6pidnes23053mouu6uf               	true 	34.83kB   	15 seconds ago
9gd8ltw2cy4ral5g5ptc4ohwf               	true 	1.086GB   	7 hours ago
fdimvfhyndq49jesbkrnnhvnf               	true 	4.292kB   	About an hour ago
nrjjucr0gvuknp0jj4g00rvl3               	true 	0B        	6 hours ago
kwmwjf1li46ho0nicsnadx5sd               	true 	112.9MB   	5 hours ago
ie1020nqihommqjm8x6kg1a0p               	true 	0B        	6 hours ago
v60x9xcwyzf3okt2ocdlwprgr               	true 	2.348kB   	2 hours ago
ssvoejnzqwtjvy4ezyxkxekrn               	true 	35.59kB   	6 hours ago
6ctj4y2kbj6npodar773sm72r               	true 	2.354kB   	5 hours ago
th9m8onanl8k2t2f0o9gta5e4               	true 	974.3MB   	6 hours ago
e3t4i679ovao7zyndqboh60mw               	true 	2.639kB   	4 hours ago
dnqwy5deaadwz29yb9uwfm0qa               	true 	925B      	7 hours ago
x1phhukl79z9enhz2kaiaw8gd               	true 	32.12kB   	5 hours ago
g69g1bhzu6zffjapuam995mwn               	true 	151B      	4 hours ago
m12vcblprkoca9ddtt0kqv403               	true 	83.11kB   	3 hours ago
o4rwrpiyz1nffjdqzbirqsghw               	true 	39.04kB   	About an hour ago
zku509tprhj8xcyz2zfdmnwga               	true 	149.1kB   	4 hours ago
w6cbmgv185ll97z2l9m7ms3fl               	true 	37.12kB   	3 hours ago
3ldvct8dl2w9aphi2vqqw3eri               	true 	2.348kB   	2 hours ago
d2has06jnia5sbwaovf4fu2ts               	true 	90.79kB   	6 hours ago
tt9vm7fxw6rhvjih1nkkzy2mp               	true 	974.2MB   	7 hours ago
vv8jz20cokqo8bnws8d3xmzat               	true 	36.75kB   	7 hours ago
ycncqqseyxcu5bowddkqbp43x               	true 	974.3MB   	6 hours ago
ppslp980ovuy731qu56byht9o               	true 	2.639kB   	4 hours ago
s9lsia4hnv7jnaxexgd0uu0zh               	true 	83.11kB   	5 hours ago
x5w6yqlu9inqu6ch9uwbbpv1g               	true 	42.01kB   	2 hours ago
e6a9vloxqhv612kwr7idztjgv               	true 	0B        	8 hours ago
qebua0t6impewm4kcef0msjvw               	true 	0B        	6 hours ago
lvd28y5i4jtff7yca2irixapo               	true 	2.348kB   	3 hours ago
v2gqpp7ln0xpjbzmhzc031vwc               	true 	37.13kB   	2 hours ago
1ype6dxl8n31vsonhc9jqa12s               	true 	0B        	6 hours ago
oyia3pgajjqvp00oakycpx8xh               	true 	36.14kB   	4 hours ago
vf9nsdx9sr2skyn7sq1prmr5a               	true 	0B        	7 hours ago
6bzkddjjc1b09t04tq0ayj1eg               	true 	0B        	8 hours ago
b0fk54kxde45la22o0epiaagm               	true 	37.38kB   	3 hours ago
sgcjuonm3exc6rjs2thm6jluy               	true 	112.9MB   	5 hours ago
t2m2otwthtdngg0x2g5qai7iv               	true 	0B        	6 hours ago
s4up5peqc00s7n5bdc9pfemix               	true 	2.639kB   	5 hours ago
dfl3uwlmmaoosyycf84r5ydbj               	true 	36.14kB   	5 hours ago
dhdfvnvep48m6switftl9d9b3               	true 	262B      	5 hours ago
pg85vt07n8ond1nd4i0wsx4oo               	true 	262B      	56 minutes ago
s4mqj9dlg1lbbmyyj75cur5ey               	true 	37.14kB   	3 hours ago
oycxf8dizwg8wamt18olpp29x               	true 	2.348kB   	About an hour ago
0cje32yoes51k26qs3y508z5p               	true 	4.292kB   	56 minutes ago
sl5h1vov2r77sgha7gu3lpqkh               	true 	35.34kB   	38 minutes ago
wsh12pwcc7lvrglppsk6upw2y               	true 	2.348kB   	5 hours ago
sia7ord3fhm098e2fz17wteiv               	true 	0B        	5 hours ago
ilwpblilze0qaudj4mq5ytuv4               	true 	0B        	8 hours ago
2it0r41rqe468nzqyoui3hdx9               	true 	0B        	6 hours ago
8wkzpxd9llzn3iift1o5enhdm               	true 	0B        	4 hours ago
0m5i62twv9dz39yyc13sdliri               	true 	36.15kB   	5 hours ago
nbj2vikv5bz15skhx6rzbbyzb               	true 	32.12kB   	5 hours ago
zpm93sbuzjzy3agps2x4ub765               	true 	38.3kB    	56 minutes ago
ainpb0rl569mu05ngknpdxc0f               	true 	1.085GB   	4 hours ago
ilj3a3rvykfayidksaq6wn56b               	true 	0B        	8 hours ago
um8b4a9h02pim5l3hyf6lhyk9               	true 	1.085GB   	5 hours ago
ps0houif1h96d3iogtrx5ohj5               	true 	42.53kB   	2 hours ago
i024v8al45wkg63lnj4ztfys1               	true 	0B        	5 hours ago
risyd0sfywi1kzb1dp87ls7oa               	true 	1.085GB   	7 hours ago
nhfm5799r4cdm26zeq8y8ig50               	true 	124B      	4 hours ago
p5efpxa6v1jncuumiy69f7b1c               	true 	83.11kB   	5 hours ago
lrcyg9mksa30g6lrurrywhc9n               	true 	91.01kB   	5 hours ago
m3h7wlsp748v3frxldjviysbc               	true 	0B        	5 hours ago
hkgp4qijyrhdie8otpj4q00st               	true 	126B      	7 hours ago
pj0si9lr3ibtfvq3x8iu1g55v               	true 	84.12kB   	36 seconds ago
fr8j20tmjd8lwass25nfqx27u               	true 	0B        	8 hours ago
b8ziakrccpqzbd96f5h8v2i3r               	true 	2.354kB   	7 hours ago
qjuzrqkqqpy98ibsvz9p8ahe1               	true 	112.9MB   	5 hours ago
jat8wgwxp6ie3hji74nzos1v0               	true 	91.01kB   	4 hours ago
y736j1ll64eaq1bbl1qcyimap               	true 	100.7MB   	3 hours ago
sx9ckx3irrhyymqpi4tinjqb5               	true 	31.37MB   	5 hours ago
xn3ngf6kz9o5giw5ublslkzjk               	true 	0B        	8 hours ago
v88hd6tghlzij4qvqn7iv51vx               	true 	0B        	5 hours ago
h1l74m2nyim2kfd4h59wcfs0r               	true 	90.79kB   	7 hours ago
mm88njybxmpo21qx9qsuu3nc2               	true 	0B        	5 hours ago
vnmhffki2ns4n3q7nmxg4ie73               	true 	11.76MB   	4 hours ago
q6xvg0fw4x5xihoc0mgyz61e5               	true 	0B        	4 hours ago
nrk1trbqhtaj7p0ev6tnmctb6               	true 	0B        	5 hours ago
lzi850v5idmysrsznmqfcmjn3               	true 	0B        	5 hours ago
eeop04ry9njsu3fbfesaytsvx               	true 	0B        	5 hours ago
gf9cngtgmxgtsi9pvajeu1456               	true 	0B        	5 hours ago
4yobu7nzj46ns8roj8dumn9hy               	true 	0B        	7 hours ago
5wo9mp8ww5qjn92bbwsxziuun               	true 	0B        	7 hours ago
pazr69c5q48xfsmay3opwq4yz               	true 	0B        	7 hours ago
tvc4upqqfziyqe9ciifz7kno3               	true 	0B        	7 hours ago
j6lxxjei5epswlo215hisjily               	true 	0B        	7 hours ago
